<?xml version="1.0" encoding="UTF-8"?>
<!-- Generated by org.testng.reporters.JUnitReportReporter -->
<testsuite hostname="Neeno" failures="0" tests="1" name="Demo.TestNGParameter" time="0.011" errors="0" timestamp="2023-07-26T10:01:31 BST" skipped="0">
  <testcase classname="Demo.TestNGParameter" name="test1" time="0.011"/>
</testsuite> <!-- Demo.TestNGParameter -->
