<?xml version="1.0" encoding="UTF-8"?>
<!-- Generated by org.testng.reporters.JUnitReportReporter -->
<testsuite hostname="Neeno" failures="0" tests="1" name="Test.TestNG_Demo2" time="0.567" errors="0" timestamp="2023-07-17T13:29:57 BST" skipped="0">
  <testcase classname="Test.TestNG_Demo2" name="searchGoogle3" time="0.567"/>
</testsuite> <!-- Test.TestNG_Demo2 -->
