<?xml version="1.0" encoding="UTF-8"?>
<!-- Generated by org.testng.reporters.JUnitReportReporter -->
<testsuite hostname="Neeno" failures="0" tests="2" name="Demo.TestNGIgnoreTest" time="0.019" errors="0" timestamp="2023-07-26T15:07:50 BST" skipped="1">
  <testcase classname="Demo.TestNGIgnoreTest" name="test2" time="0.019"/>
  <testcase classname="Demo.TestNGIgnoreTest" name="test1">
    <skipped/>
  </testcase> <!-- test1 -->
</testsuite> <!-- Demo.TestNGIgnoreTest -->
