<?xml version="1.0" encoding="UTF-8"?>
<!-- Generated by org.testng.reporters.JUnitReportReporter -->
<testsuite hostname="Neeno" failures="0" tests="2" name="Demo.TestNGGrouping" time="0.018" errors="0" timestamp="2023-07-26T09:42:10 BST" skipped="0">
  <testcase classname="Demo.TestNGGrouping" name="test3" time="0.016"/>
  <testcase classname="Demo.TestNGGrouping" name="test5" time="0.002"/>
</testsuite> <!-- Demo.TestNGGrouping -->
