<?xml version="1.0" encoding="UTF-8"?>
<!-- Generated by org.testng.reporters.JUnitReportReporter -->
<testsuite hostname="Neeno" failures="0" tests="2" name="Test.ExtentReportWithTestNG" time="1.081" errors="0" timestamp="2023-07-17T11:24:16 BST" skipped="0">
  <testcase classname="Test.ExtentReportWithTestNG" name="googleSearchAgain" time="0.305"/>
  <testcase classname="Test.ExtentReportWithTestNG" name="googleSearch" time="0.776"/>
</testsuite> <!-- Test.ExtentReportWithTestNG -->
