<?xml version="1.0" encoding="UTF-8"?>
<!-- Generated by org.testng.reporters.JUnitReportReporter -->
<testsuite hostname="Neeno" failures="0" tests="3" name="Listener.TestListenerDemo" time="0.026" errors="0" timestamp="2023-07-21T12:13:15 BST" skipped="0">
  <testcase classname="Listener.TestListenerDemo" name="test3" time="0.004"/>
  <testcase classname="Listener.TestListenerDemo" name="test2" time="0.003"/>
  <testcase classname="Listener.TestListenerDemo" name="test1" time="0.019"/>
</testsuite> <!-- Listener.TestListenerDemo -->
