<?xml version="1.0" encoding="UTF-8"?>
<!-- Generated by org.testng.reporters.JUnitReportReporter -->
<testsuite hostname="Neeno" failures="0" tests="1" name="Test.TestNG_Demo" time="0.547" errors="0" timestamp="2023-07-18T12:05:30 BST" skipped="0">
  <testcase classname="Test.TestNG_Demo" name="searchGoogle" time="0.547"/>
</testsuite> <!-- Test.TestNG_Demo -->
