<?xml version="1.0" encoding="UTF-8"?>
<!-- Generated by org.testng.reporters.JUnitReportReporter -->
<testsuite hostname="Neeno" failures="0" tests="5" name="Demo.TestNGPriority" time="0.026" errors="0" timestamp="2023-07-26T10:06:33 BST" skipped="0">
  <testcase classname="Demo.TestNGPriority" name="test5" time="0.016"/>
  <testcase classname="Demo.TestNGPriority" name="test3" time="0.003"/>
  <testcase classname="Demo.TestNGPriority" name="test4" time="0.002"/>
  <testcase classname="Demo.TestNGPriority" name="test1" time="0.002"/>
  <testcase classname="Demo.TestNGPriority" name="test2" time="0.003"/>
</testsuite> <!-- Demo.TestNGPriority -->
