<?xml version="1.0" encoding="UTF-8"?>
<!-- Generated by org.testng.reporters.JUnitReportReporter -->
<testsuite hostname="Neeno" failures="0" tests="2" name="Utils.ExcelDataProvider" time="6.861" errors="0" timestamp="2023-07-20T19:48:53 BST" skipped="0">
  <testcase classname="Utils.ExcelDataProvider" name="login" time="2.286"/>
  <testcase classname="Utils.ExcelDataProvider" name="login" time="4.575"/>
</testsuite> <!-- Utils.ExcelDataProvider -->
