<?xml version="1.0" encoding="UTF-8"?>
<!-- Generated by org.testng.reporters.JUnitReportReporter -->
<testsuite hostname="Neeno" failures="0" tests="5" name="Demo.TestNGDependency" time="0.024" errors="0" timestamp="2023-07-26T10:39:29 BST" skipped="0">
  <testcase classname="Demo.TestNGDependency" name="test4" time="0.002"/>
  <testcase classname="Demo.TestNGDependency" name="test5" time="0.018"/>
  <testcase classname="Demo.TestNGDependency" name="test3" time="0.001"/>
  <testcase classname="Demo.TestNGDependency" name="test1" time="0.001"/>
  <testcase classname="Demo.TestNGDependency" name="test2" time="0.002"/>
</testsuite> <!-- Demo.TestNGDependency -->
