<?xml version="1.0" encoding="UTF-8"?>
<!-- Generated by org.testng.reporters.JUnitReportReporter -->
<testsuite hostname="Neeno" failures="0" tests="1" name="Pages.TestNG_Demo" time="0.570" errors="0" timestamp="2023-07-14T10:08:42 BST" skipped="0">
  <testcase classname="Pages.TestNG_Demo" name="searchGoogle" time="0.570"/>
</testsuite> <!-- Pages.TestNG_Demo -->
